2026-05-25T01:02:05.1044731-07:00	INFO	[Program]	[0]	Linting: DiskAnalyzer-1.0.2-x64.zip
2026-05-25T01:02:05.8681728-07:00	INFO	[Program]	[0]	PTRUN1402: Package dependencies should be valid (DiskAnalyzer-1.0.2-x64.zip)
2026-05-25T01:02:05.8706693-07:00	INFO	[Program]	[0]	 - Unnecessary dependency: PowerToys.Common.UI.dll
2026-05-25T01:02:05.8712130-07:00	INFO	[Program]	[0]	 - Unnecessary dependency: PowerToys.ManagedCommon.dll
2026-05-25T01:02:05.8717280-07:00	INFO	[Program]	[0]	 - Unnecessary dependency: PowerToys.Settings.UI.Lib.dll
2026-05-25T01:02:05.8720597-07:00	INFO	[Program]	[0]	 - Unnecessary dependency: Wox.Infrastructure.dll
2026-05-25T01:02:05.8729058-07:00	INFO	[Program]	[0]	 - Unnecessary dependency: Wox.Plugin.dll
2026-05-25T01:02:05.8736677-07:00	INFO	[Program]	[0]	 - Unnecessary debug dependency: PowerToys.Common.UI.pdb
2026-05-25T01:02:05.8743079-07:00	INFO	[Program]	[0]	 - Unnecessary debug dependency: PowerToys.ManagedCommon.pdb
2026-05-25T01:02:05.8750308-07:00	INFO	[Program]	[0]	 - Unnecessary debug dependency: PowerToys.Settings.UI.Lib.pdb
2026-05-25T01:02:05.8755665-07:00	INFO	[Program]	[0]	 - Unnecessary debug dependency: Wox.Infrastructure.pdb
2026-05-25T01:02:05.8759114-07:00	INFO	[Program]	[0]	 - Unnecessary debug dependency: Wox.Plugin.pdb
2026-05-25T01:02:05.8807765-07:00	INFO	[Program]	[0]	PTRUN1401: Plugin metadata should be valid (DiskAnalyzer-1.0.2-x64.zip)
2026-05-25T01:02:05.8815206-07:00	INFO	[Program]	[0]	 - Author does not match GitHub user
2026-05-25T01:02:05.8824802-07:00	INFO	[Program]	[0]	 - DynamicLoading is necessary for multiple assemblies
2026-05-25T01:05:22.7088997-07:00	INFO	[Program]	[0]	Linting: DiskAnalyzer-1.0.2-x64.zip
2026-05-25T01:05:23.4596323-07:00	INFO	[Program]	[0]	PTRUN1402: Package dependencies should be valid (DiskAnalyzer-1.0.2-x64.zip)
2026-05-25T01:05:23.4625306-07:00	INFO	[Program]	[0]	 - Unnecessary dependency: PowerToys.Common.UI.dll
2026-05-25T01:05:23.4633350-07:00	INFO	[Program]	[0]	 - Unnecessary dependency: PowerToys.ManagedCommon.dll
2026-05-25T01:05:23.4641490-07:00	INFO	[Program]	[0]	 - Unnecessary dependency: PowerToys.Settings.UI.Lib.dll
2026-05-25T01:05:23.4648656-07:00	INFO	[Program]	[0]	 - Unnecessary dependency: Wox.Infrastructure.dll
2026-05-25T01:05:23.4655598-07:00	INFO	[Program]	[0]	 - Unnecessary dependency: Wox.Plugin.dll
2026-05-25T01:05:23.4664333-07:00	INFO	[Program]	[0]	 - Unnecessary debug dependency: PowerToys.Common.UI.pdb
2026-05-25T01:05:23.4672259-07:00	INFO	[Program]	[0]	 - Unnecessary debug dependency: PowerToys.ManagedCommon.pdb
2026-05-25T01:05:23.4677105-07:00	INFO	[Program]	[0]	 - Unnecessary debug dependency: PowerToys.Settings.UI.Lib.pdb
2026-05-25T01:05:23.4681673-07:00	INFO	[Program]	[0]	 - Unnecessary debug dependency: Wox.Infrastructure.pdb
2026-05-25T01:05:23.4686607-07:00	INFO	[Program]	[0]	 - Unnecessary debug dependency: Wox.Plugin.pdb
2026-05-25T01:05:23.4781716-07:00	INFO	[Program]	[0]	PTRUN1401: Plugin metadata should be valid (DiskAnalyzer-1.0.2-x64.zip)
2026-05-25T01:05:23.4796926-07:00	INFO	[Program]	[0]	 - DynamicLoading is necessary for multiple assemblies
2026-05-25T01:06:58.8715849-07:00	INFO	[Program]	[0]	Linting: DiskAnalyzer-1.0.2-x64.zip
2026-05-25T01:07:13.6127646-07:00	INFO	[Program]	[0]	Linting: DiskAnalyzer-1.0.2-x64.zip
